0 info it worked if it ends with ok
1 verbose cli [ '/usr/local/Cellar/node/5.5.0/bin/node',
1 verbose cli   '/Users/paul.michalek/.npm-packages/bin/npm',
1 verbose cli   'start' ]
2 info using npm@3.5.3
3 info using node@v5.5.0
4 verbose run-script [ 'prestart', 'start', 'poststart' ]
5 info lifecycle askmee@1.0.0~prestart: askmee@1.0.0
6 silly lifecycle askmee@1.0.0~prestart: no script for prestart, continuing
7 info lifecycle askmee@1.0.0~start: askmee@1.0.0
8 verbose lifecycle askmee@1.0.0~start: unsafe-perm in lifecycle true
9 verbose lifecycle askmee@1.0.0~start: PATH: /Users/paul.michalek/.npm-packages/lib/node_modules/npm/bin/node-gyp-bin:/Users/paul.michalek/source-git/nodeapps/AskMee/node_modules/.bin:/Users/paul.michalek/.sdkman/candidates/groovy/current/bin:/Users/paul.michalek/.sdkman/candidates/grails/current/bin:/Users/paul.michalek/.sdkman/candidates/gradle/current/bin:/Users/paul.michalek/.npm-packages/bin:/usr/local/bin:/usr/bin:/bin:/usr/sbin:/sbin:/usr/local/MacGPG2/bin
10 verbose lifecycle askmee@1.0.0~start: CWD: /Users/paul.michalek/source-git/nodeapps/AskMee
11 silly lifecycle askmee@1.0.0~start: Args: [ '-c', 'nodemon server.js' ]
12 silly lifecycle askmee@1.0.0~start: Returned: code: 1  signal: null
13 info lifecycle askmee@1.0.0~start: Failed to exec start script
14 verbose stack Error: askmee@1.0.0 start: `nodemon server.js`
14 verbose stack Exit status 1
14 verbose stack     at EventEmitter.<anonymous> (/Users/paul.michalek/.npm-packages/lib/node_modules/npm/lib/utils/lifecycle.js:232:16)
14 verbose stack     at emitTwo (events.js:100:13)
14 verbose stack     at EventEmitter.emit (events.js:185:7)
14 verbose stack     at ChildProcess.<anonymous> (/Users/paul.michalek/.npm-packages/lib/node_modules/npm/lib/utils/spawn.js:24:14)
14 verbose stack     at emitTwo (events.js:100:13)
14 verbose stack     at ChildProcess.emit (events.js:185:7)
14 verbose stack     at maybeClose (internal/child_process.js:821:16)
14 verbose stack     at Process.ChildProcess._handle.onexit (internal/child_process.js:211:5)
15 verbose pkgid askmee@1.0.0
16 verbose cwd /Users/paul.michalek/source-git/nodeapps/AskMee
17 error Darwin 14.5.0
18 error argv "/usr/local/Cellar/node/5.5.0/bin/node" "/Users/paul.michalek/.npm-packages/bin/npm" "start"
19 error node v5.5.0
20 error npm  v3.5.3
21 error code ELIFECYCLE
22 error askmee@1.0.0 start: `nodemon server.js`
22 error Exit status 1
23 error Failed at the askmee@1.0.0 start script 'nodemon server.js'.
23 error Make sure you have the latest version of node.js and npm installed.
23 error If you do, this is most likely a problem with the askmee package,
23 error not with npm itself.
23 error Tell the author that this fails on your system:
23 error     nodemon server.js
23 error You can get information on how to open an issue for this project with:
23 error     npm bugs askmee
23 error Or if that isn't available, you can get their info via:
23 error     npm owner ls askmee
23 error There is likely additional logging output above.
24 verbose exit [ 1, true ]
